# JRE version: OpenJDK Runtime Environment (11.0.2+9) (build 11.0.2+9)
# Java VM: OpenJDK 64-Bit Server VM (11.0.2+9, mixed mode, tiered, compressed oops, g1 gc, windows-amd64)
Heap:
 garbage-first heap   total 610304K, used 431333K [0x0000000082600000, 0x0000000100000000)
  region size 1024K, 252 young (258048K), 16 survivors (16384K)
 Metaspace       used 78082K, capacity 81876K, committed 82524K, reserved 1120256K
  class space    used 9511K, capacity 11009K, committed 11260K, reserved 1048576K
GC Heap History (10 events):
Event: 11297.687 GC heap before
{Heap before GC invocations=279 (full 0):
 garbage-first heap   total 610304K, used 463281K [0x0000000082600000, 0x0000000100000000)
  region size 1024K, 290 young (296960K), 23 survivors (23552K)
 Metaspace       used 78082K, capacity 81876K, committed 82524K, reserved 1120256K
  class space    used 9511K, capacity 11009K, committed 11260K, reserved 1048576K
}
Event: 11297.695 GC heap after
{Heap after GC invocations=280 (full 0):
 garbage-first heap   total 610304K, used 198387K [0x0000000082600000, 0x0000000100000000)
  region size 1024K, 23 young (23552K), 23 survivors (23552K)
 Metaspace       used 78082K, capacity 81876K, committed 82524K, reserved 1120256K
  class space    used 9511K, capacity 11009K, committed 11260K, reserved 1048576K
}
Event: 11297.699 GC heap before
{Heap before GC invocations=280 (full 0):
 garbage-first heap   total 610304K, used 203507K [0x0000000082600000, 0x0000000100000000)
  region size 1024K, 29 young (29696K), 23 survivors (23552K)
 Metaspace       used 78082K, capacity 81876K, committed 82524K, reserved 1120256K
  class space    used 9511K, capacity 11009K, committed 11260K, reserved 1048576K
}
Event: 11297.708 GC heap after
{Heap after GC invocations=281 (full 0):
 garbage-first heap   total 610304K, used 165043K [0x0000000082600000, 0x0000000100000000)
  region size 1024K, 4 young (4096K), 4 survivors (4096K)
 Metaspace       used 78082K, capacity 81876K, committed 82524K, reserved 1120256K
  class space    used 9511K, capacity 11009K, committed 11260K, reserved 1048576K
}
Event: 11299.222 GC heap before
{Heap before GC invocations=281 (full 0):
 garbage-first heap   total 610304K, used 468147K [0x0000000082600000, 0x0000000100000000)
  region size 1024K, 301 young (308224K), 4 survivors (4096K)
 Metaspace       used 78082K, capacity 81876K, committed 82524K, reserved 1120256K
  class space    used 9511K, capacity 11009K, committed 11260K, reserved 1048576K
}
Event: 11299.229 GC heap after
{Heap after GC invocations=282 (full 0):
 garbage-first heap   total 610304K, used 191251K [0x0000000082600000, 0x0000000100000000)
  region size 1024K, 29 young (29696K), 29 survivors (29696K)
 Metaspace       used 78082K, capacity 81876K, committed 82524K, reserved 1120256K
  class space    used 9511K, capacity 11009K, committed 11260K, reserved 1048576K
}
Event: 11300.179 GC heap before
{Heap before GC invocations=282 (full 0):
 garbage-first heap   total 610304K, used 471827K [0x0000000082600000, 0x0000000100000000)
  region size 1024K, 304 young (311296K), 29 survivors (29696K)
 Metaspace       used 78082K, capacity 81876K, committed 82524K, reserved 1120256K
  class space    used 9511K, capacity 11009K, committed 11260K, reserved 1048576K
}
Event: 11300.187 GC heap after
{Heap after GC invocations=283 (full 0):
 garbage-first heap   total 610304K, used 196550K [0x0000000082600000, 0x0000000100000000)
  region size 1024K, 24 young (24576K), 24 survivors (24576K)
 Metaspace       used 78082K, capacity 81876K, committed 82524K, reserved 1120256K
  class space    used 9511K, capacity 11009K, committed 11260K, reserved 1048576K
}
Event: 11301.931 GC heap before
{Heap before GC invocations=283 (full 0):
 garbage-first heap   total 610304K, used 474054K [0x0000000082600000, 0x0000000100000000)
  region size 1024K, 296 young (303104K), 24 survivors (24576K)
 Metaspace       used 78082K, capacity 81876K, committed 82524K, reserved 1120256K
  class space    used 9511K, capacity 11009K, committed 11260K, reserved 1048576K
}
Event: 11301.937 GC heap after
{Heap after GC invocations=284 (full 0):
 garbage-first heap   total 610304K, used 195813K [0x0000000082600000, 0x0000000100000000)
  region size 1024K, 16 young (16384K), 16 survivors (16384K)
 Metaspace       used 78082K, capacity 81876K, committed 82524K, reserved 1120256K
  class space    used 9511K, capacity 11009K, committed 11260K, reserved 1048576K
}

